Release 7.1.03i - xst H.41
Copyright (c) 1995-2005 Xilinx, Inc.  All rights reserved.
--> Parameter TMPDIR set to __projnav
CPU : 0.00 / 0.16 s | Elapsed : 0.00 / 0.00 s
 
--> Parameter xsthdpdir set to ./xst
CPU : 0.00 / 0.16 s | Elapsed : 0.00 / 0.00 s
 
--> Reading design: projeto.prj

TABLE OF CONTENTS
  1) Synthesis Options Summary
  2) HDL Compilation
  3) HDL Analysis
  4) HDL Synthesis
  5) Advanced HDL Synthesis
     5.1) HDL Synthesis Report
  6) Low Level Synthesis
  7) Final Report
     7.1) Device utilization summary
     7.2) TIMING REPORT


=========================================================================
*                      Synthesis Options Summary                        *
=========================================================================
---- Source Parameters
Input File Name                    : "projeto.prj"
Input Format                       : mixed
Ignore Synthesis Constraint File   : NO

---- Target Parameters
Output File Name                   : "projeto"
Output Format                      : NGC
Target Device                      : xc3s500e-4-fg320

---- Source Options
Top Module Name                    : projeto
Automatic FSM Extraction           : YES
FSM Encoding Algorithm             : Auto
FSM Style                          : lut
RAM Extraction                     : Yes
RAM Style                          : Auto
ROM Extraction                     : Yes
ROM Style                          : Auto
Mux Extraction                     : YES
Mux Style                          : Auto
Decoder Extraction                 : YES
Priority Encoder Extraction        : YES
Shift Register Extraction          : YES
Logical Shifter Extraction         : YES
XOR Collapsing                     : YES
Resource Sharing                   : YES
Multiplier Style                   : auto
Automatic Register Balancing       : No

---- Target Options
Add IO Buffers                     : YES
Global Maximum Fanout              : 500
Add Generic Clock Buffer(BUFG)     : 8
Register Duplication               : YES
Equivalent register Removal        : YES
Slice Packing                      : YES
Pack IO Registers into IOBs        : auto

---- General Options
Optimization Goal                  : Speed
Optimization Effort                : 1
Keep Hierarchy                     : NO
Global Optimization                : AllClockNets
RTL Output                         : Yes
Write Timing Constraints           : NO
Hierarchy Separator                : /
Bus Delimiter                      : <>
Case Specifier                     : maintain
Slice Utilization Ratio            : 100
Slice Utilization Ratio Delta      : 5

---- Other Options
lso                                : projeto.lso
Read Cores                         : YES
cross_clock_analysis               : NO
verilog2001                        : YES
safe_implementation                : No
Optimize Instantiated Primitives   : NO
use_clock_enable                   : Yes
use_sync_set                       : Yes
use_sync_reset                     : Yes
enable_auto_floorplanning          : No

=========================================================================


=========================================================================
*                          HDL Compilation                              *
=========================================================================
WARNING:HDLParsers:3215 - Unit work/PROJETO is now defined in a different file: was C:/Users/EG/OneDrive/Faculdade/S13/Linguagens e Descrição de Hardware/Aula 04/P2 - Multiplexador/projeto.vhd, now is C:/Users/Felipe/Desktop/P2 - Multiplexador/projeto.vhd
WARNING:HDLParsers:3215 - Unit work/PROJETO/BEHAVIORAL is now defined in a different file: was C:/Users/EG/OneDrive/Faculdade/S13/Linguagens e Descrição de Hardware/Aula 04/P2 - Multiplexador/projeto.vhd, now is C:/Users/Felipe/Desktop/P2 - Multiplexador/projeto.vhd
Compiling vhdl file "C:/Users/Felipe/Desktop/P2 - Multiplexador/projeto.vhd" in Library work.
Entity <projeto> compiled.
Entity <projeto> (Architecture <behavioral>) compiled.

=========================================================================
*                            HDL Analysis                               *
=========================================================================
Analyzing Entity <projeto> (Architecture <behavioral>).
Entity <projeto> analyzed. Unit <projeto> generated.


=========================================================================
*                           HDL Synthesis                               *
=========================================================================

Synthesizing Unit <projeto>.
    Related source file is "C:/Users/Felipe/Desktop/P2 - Multiplexador/projeto.vhd".
    Found 4-bit 4-to-1 multiplexer for signal <$n0026>.
    Found 4-bit adder for signal <$n0027> created at line 82.
    Found 26-bit up counter for signal <contador>.
    Found 4-bit up counter for signal <dezena>.
    Found 14-bit up counter for signal <mux>.
    Found 8-bit register for signal <segmentos>.
    Found 4-bit register for signal <transistor>.
    Found 4-bit register for signal <unidade>.
    Summary:
	inferred   3 Counter(s).
	inferred  12 D-type flip-flop(s).
	inferred   1 Adder/Subtractor(s).
	inferred   4 Multiplexer(s).
Unit <projeto> synthesized.


=========================================================================
*                       Advanced HDL Synthesis                          *
=========================================================================

Advanced RAM inference ...
Advanced multiplier inference ...
Advanced Registered AddSub inference ...
Dynamic shift register inference ...

=========================================================================
HDL Synthesis Report

Macro Statistics
# Adders/Subtractors               : 1
 4-bit adder                       : 1
# Counters                         : 3
 14-bit up counter                 : 1
 26-bit up counter                 : 1
 4-bit up counter                  : 1
# Registers                        : 3
 4-bit register                    : 2
 8-bit register                    : 1
# Multiplexers                     : 1
 4-bit 4-to-1 multiplexer          : 1

=========================================================================

=========================================================================
*                         Low Level Synthesis                           *
=========================================================================

Optimizing unit <projeto> ...
WARNING:Xst:1293 - FF/Latch  <transistor_3> has a constant value of 1 in block <projeto>.
WARNING:Xst:1896 - Due to other FF/Latch trimming, FF/Latch  <transistor_2> has a constant value of 1 in block <projeto>.
Loading device for application Rf_Device from file '3s500e.nph' in environment C:/Users/Felipe/Desktop/Xilinx.

Mapping all equations...
Building and optimizing final netlist ...
Found area constraint ratio of 100 (+ 5) on block projeto, actual ratio is 1.

=========================================================================
*                            Final Report                               *
=========================================================================
Final Results
RTL Top Level Output File Name     : projeto.ngr
Top Level Output File Name         : projeto
Output Format                      : NGC
Optimization Goal                  : Speed
Keep Hierarchy                     : NO

Design Statistics
# IOs                              : 14

Macro Statistics :
# Registers                        : 8
#      1-bit register              : 4
#      4-bit register              : 3
#      8-bit register              : 1
# Counters                         : 1
#      26-bit up counter           : 1
# Multiplexers                     : 1
#      4-bit 4-to-1 multiplexer    : 1

Cell Usage :
# BELS                             : 218
#      GND                         : 1
#      INV                         : 3
#      LUT1                        : 14
#      LUT2                        : 11
#      LUT2_D                      : 1
#      LUT2_L                      : 6
#      LUT3                        : 6
#      LUT3_D                      : 4
#      LUT3_L                      : 5
#      LUT4                        : 34
#      LUT4_D                      : 5
#      LUT4_L                      : 44
#      MUXCY                       : 39
#      MUXF5                       : 5
#      VCC                         : 1
#      XORCY                       : 39
# FlipFlops/Latches                : 58
#      FDC                         : 2
#      FDCE                        : 8
#      FDCPE                       : 26
#      FDE                         : 14
#      FDP                         : 8
# Clock Buffers                    : 1
#      BUFGP                       : 1
# IO Buffers                       : 13
#      IBUF                        : 1
#      OBUF                        : 12
=========================================================================

Device utilization summary:
---------------------------

Selected Device : 3s500efg320-4 

 Number of Slices:                      70  out of   4656     1%  
 Number of Slice Flip Flops:            58  out of   9312     0%  
 Number of 4 input LUTs:               130  out of   9312     1%  
 Number of bonded IOBs:                 14  out of    232     6%  
 Number of GCLKs:                        1  out of     24     4%  


=========================================================================
TIMING REPORT

NOTE: THESE TIMING NUMBERS ARE ONLY A SYNTHESIS ESTIMATE.
      FOR ACCURATE TIMING INFORMATION PLEASE REFER TO THE TRACE REPORT
      GENERATED AFTER PLACE-and-ROUTE.

Clock Information:
------------------
-----------------------------------+------------------------+-------+
Clock Signal                       | Clock buffer(FF name)  | Load  |
-----------------------------------+------------------------+-------+
clock                              | BUFGP                  | 58    |
-----------------------------------+------------------------+-------+

Timing Summary:
---------------
Speed Grade: -4

   Minimum period: 9.727ns (Maximum Frequency: 102.807MHz)
   Minimum input arrival time before clock: 5.757ns
   Maximum output required time after clock: 8.062ns
   Maximum combinational path delay: No path found

Timing Detail:
--------------
All values displayed in nanoseconds (ns)

=========================================================================
Timing constraint: Default period analysis for Clock 'clock'
  Clock period: 9.727ns (frequency: 102.807MHz)
  Total number of paths / destination ports: 10711 / 66
-------------------------------------------------------------------------
Delay:               9.727ns (Levels of Logic = 8)
  Source:            contador_21 (FF)
  Destination:       contador_25 (FF)
  Source Clock:      clock rising
  Destination Clock: clock rising

  Data Path: contador_21 to contador_25
                                Gate     Net
    Cell:in->out      fanout   Delay   Delay  Logical Name (Net Name)
    ----------------------------------------  ------------
     FDCPE:C->Q            2   0.455   1.082  contador_21 (contador_21)
     LUT4:I0->O            2   0.757   0.878  Ker3725 (CHOICE2562)
     LUT4:I3->O            5   0.778   0.975  Ker37110_SW0_1 (Ker37110_SW0)
     LUT4_D:I2->O          9   0.757   1.254  Ker37125 (N37)
     LUT2_L:I1->LO         1   0.778   0.000  contador_inst_lut3_221 (contador_inst_lut3_22)
     MUXCY:S->O            1   0.476   0.000  contador_inst_cy_23 (contador_inst_cy_23)
     MUXCY:CI->O           1   0.072   0.000  contador_inst_cy_24 (contador_inst_cy_24)
     MUXCY:CI->O           0   0.072   0.000  contador_inst_cy_25 (contador_inst_cy_25)
     XORCY:CI->O           1   0.974   0.000  contador_inst_sum_25 (contador_inst_sum_25)
     FDCPE:D                   0.418          contador_25
    ----------------------------------------
    Total                      9.727ns (5.538ns logic, 4.189ns route)
                                       (56.9% logic, 43.1% route)

=========================================================================
Timing constraint: Default OFFSET IN BEFORE for Clock 'clock'
  Total number of paths / destination ports: 14 / 14
-------------------------------------------------------------------------
Offset:              5.757ns (Levels of Logic = 2)
  Source:            reset (PAD)
  Destination:       mux_12 (FF)
  Destination Clock: clock rising

  Data Path: reset to mux_12
                                Gate     Net
    Cell:in->out      fanout   Delay   Delay  Logical Name (Net Name)
    ----------------------------------------  ------------
     IBUF:I->O            45   1.228   1.928  reset_IBUF (reset_IBUF)
     INV:I->O             14   0.778   1.187  mux_ClkEn_INV1_INV_0 (mux_0_N0)
     FDE:CE                    0.636          mux_0
    ----------------------------------------
    Total                      5.757ns (2.642ns logic, 3.115ns route)
                                       (45.9% logic, 54.1% route)

=========================================================================
Timing constraint: Default OFFSET OUT AFTER for Clock 'clock'
  Total number of paths / destination ports: 10 / 10
-------------------------------------------------------------------------
Offset:              8.062ns (Levels of Logic = 1)
  Source:            segmentos_7 (FF)
  Destination:       segmento<7> (PAD)
  Source Clock:      clock rising

  Data Path: segmentos_7 to segmento<7>
                                Gate     Net
    Cell:in->out      fanout   Delay   Delay  Logical Name (Net Name)
    ----------------------------------------  ------------
     FDP:C->Q              2   0.455   0.877  segmentos_7 (segmentos_7)
     OBUF:I->O                 6.730          segmento_7_OBUF (segmento<7>)
    ----------------------------------------
    Total                      8.062ns (7.185ns logic, 0.877ns route)
                                       (89.1% logic, 10.9% route)

=========================================================================
CPU : 3.22 / 3.40 s | Elapsed : 3.00 / 3.00 s
 
--> 

Total memory usage is 181140 kilobytes

Number of errors   :    0 (   0 filtered)
Number of warnings :    4 (   0 filtered)
Number of infos    :    0 (   0 filtered)

